<?xml version="1.0" encoding="UTF-8"?>
<coverage generated="1639444094990" clover="3.2.0">
  <project timestamp="1639444094991" name="All files">
    <metrics statements="66" coveredstatements="66" conditionals="12" coveredconditionals="12" methods="13" coveredmethods="13" elements="91" coveredelements="91" complexity="0" loc="66" ncloc="66" packages="4" files="5" classes="5"/>
    <package name="api.parsers">
      <metrics statements="37" coveredstatements="37" conditionals="7" coveredconditionals="7" methods="5" coveredmethods="5"/>
      <file name="parseSection.ts" path="/mnt/c/Users/Zachar/Documents/Coding/GitHub/planneu/api/parsers/parseSection.ts">
        <metrics statements="37" coveredstatements="37" conditionals="7" coveredconditionals="7" methods="5" coveredmethods="5"/>
        <line num="1" count="1" type="stmt"/>
        <line num="9" count="1" type="stmt"/>
        <line num="11" count="1" type="stmt"/>
        <line num="15" count="3" type="stmt"/>
        <line num="16" count="3" type="stmt"/>
        <line num="19" count="3" type="stmt"/>
        <line num="22" count="1" type="stmt"/>
        <line num="25" count="6" type="stmt"/>
        <line num="27" count="6" type="stmt"/>
        <line num="28" count="7" type="stmt"/>
        <line num="30" count="7" type="cond" truecount="1" falsecount="0"/>
        <line num="31" count="5" type="stmt"/>
        <line num="32" count="5" type="stmt"/>
        <line num="35" count="2" type="stmt"/>
        <line num="37" count="2" type="cond" truecount="1" falsecount="0"/>
        <line num="38" count="1" type="stmt"/>
        <line num="40" count="1" type="stmt"/>
        <line num="44" count="5" type="cond" truecount="1" falsecount="0"/>
        <line num="45" count="1" type="stmt"/>
        <line num="48" count="4" type="stmt"/>
        <line num="58" count="1" type="stmt"/>
        <line num="61" count="14" type="stmt"/>
        <line num="63" count="14" type="stmt"/>
        <line num="64" count="98" type="stmt"/>
        <line num="65" count="98" type="stmt"/>
        <line num="68" count="98" type="cond" truecount="1" falsecount="0"/>
        <line num="69" count="71" type="stmt"/>
        <line num="70" count="71" type="stmt"/>
        <line num="73" count="27" type="stmt"/>
        <line num="74" count="27" type="stmt"/>
        <line num="75" count="7803" type="stmt"/>
        <line num="76" count="7803" type="cond" truecount="1" falsecount="0"/>
        <line num="80" count="2443" type="stmt"/>
        <line num="85" count="27" type="stmt"/>
        <line num="88" count="14" type="stmt"/>
        <line num="97" count="1" type="stmt"/>
        <line num="98" count="3" type="stmt"/>
      </file>
    </package>
    <package name="api.parsers.tests.data">
      <metrics statements="12" coveredstatements="12" conditionals="0" coveredconditionals="0" methods="6" coveredmethods="6"/>
      <file name="backendMeetings.data.ts" path="/mnt/c/Users/Zachar/Documents/Coding/GitHub/planneu/api/parsers/tests/data/backendMeetings.data.ts">
        <metrics statements="1" coveredstatements="1" conditionals="0" coveredconditionals="0" methods="0" coveredmethods="0"/>
        <line num="3" count="1" type="stmt"/>
      </file>
      <file name="sections.data.ts" path="/mnt/c/Users/Zachar/Documents/Coding/GitHub/planneu/api/parsers/tests/data/sections.data.ts">
        <metrics statements="11" coveredstatements="11" conditionals="0" coveredconditionals="0" methods="6" coveredmethods="6"/>
        <line num="1" count="1" type="stmt"/>
        <line num="3" count="1" type="stmt"/>
        <line num="115" count="3" type="stmt"/>
        <line num="118" count="1" type="stmt"/>
        <line num="119" count="1" type="stmt"/>
        <line num="127" count="3" type="stmt"/>
        <line num="130" count="1" type="stmt"/>
        <line num="131" count="1" type="stmt"/>
        <line num="139" count="3" type="stmt"/>
        <line num="142" count="1" type="stmt"/>
        <line num="143" count="1" type="stmt"/>
      </file>
    </package>
    <package name="types">
      <metrics statements="14" coveredstatements="14" conditionals="5" coveredconditionals="5" methods="2" coveredmethods="2"/>
      <file name="types.ts" path="/mnt/c/Users/Zachar/Documents/Coding/GitHub/planneu/types/types.ts">
        <metrics statements="14" coveredstatements="14" conditionals="5" coveredconditionals="5" methods="2" coveredmethods="2"/>
        <line num="71" count="1" type="stmt"/>
        <line num="77" count="38" type="stmt"/>
        <line num="78" count="38" type="stmt"/>
        <line num="79" count="38" type="stmt"/>
        <line num="89" count="36" type="stmt"/>
        <line num="91" count="36" type="stmt"/>
        <line num="92" count="55146" type="cond" truecount="3" falsecount="0"/>
        <line num="93" count="15" type="stmt"/>
        <line num="96" count="55131" type="cond" truecount="2" falsecount="0"/>
        <line num="97" count="3740" type="stmt"/>
        <line num="100" count="51391" type="stmt"/>
        <line num="106" count="21" type="stmt"/>
        <line num="107" count="21" type="stmt"/>
        <line num="109" count="21" type="stmt"/>
      </file>
    </package>
    <package name="utils">
      <metrics statements="3" coveredstatements="3" conditionals="0" coveredconditionals="0" methods="0" coveredmethods="0"/>
      <file name="global.ts" path="/mnt/c/Users/Zachar/Documents/Coding/GitHub/planneu/utils/global.ts">
        <metrics statements="3" coveredstatements="3" conditionals="0" coveredconditionals="0" methods="0" coveredmethods="0"/>
        <line num="1" count="1" type="stmt"/>
        <line num="4" count="1" type="stmt"/>
        <line num="5" count="1" type="stmt"/>
      </file>
    </package>
  </project>
</coverage>
