{"/mnt/c/Users/Zachar/Documents/Coding/GitHub/planneu/api/parsers/parseSection.ts": {"path":"/mnt/c/Users/Zachar/Documents/Coding/GitHub/planneu/api/parsers/parseSection.ts","statementMap":{"0":{"start":{"line":1,"column":0},"end":{"line":1,"column":null}},"1":{"start":{"line":9,"column":0},"end":{"line":9,"column":71}},"2":{"start":{"line":15,"column":8},"end":{"line":15,"column":66}},"3":{"start":{"line":16,"column":8},"end":{"line":16,"column":23}},"4":{"start":{"line":19,"column":4},"end":{"line":19,"column":35}},"5":{"start":{"line":11,"column":0},"end":{"line":11,"column":16}},"6":{"start":{"line":25,"column":46},"end":{"line":25,"column":50}},"7":{"start":{"line":27,"column":2},"end":{"line":41,"column":null}},"8":{"start":{"line":28,"column":23},"end":{"line":28,"column":51}},"9":{"start":{"line":30,"column":4},"end":{"line":33,"column":null}},"10":{"start":{"line":31,"column":6},"end":{"line":31,"column":31}},"11":{"start":{"line":32,"column":6},"end":{"line":32,"column":15}},"12":{"start":{"line":35,"column":21},"end":{"line":35,"column":71}},"13":{"start":{"line":37,"column":4},"end":{"line":39,"column":null}},"14":{"start":{"line":38,"column":6},"end":{"line":38,"column":71}},"15":{"start":{"line":40,"column":4},"end":{"line":40,"column":27}},"16":{"start":{"line":44,"column":2},"end":{"line":46,"column":null}},"17":{"start":{"line":45,"column":4},"end":{"line":45,"column":54}},"18":{"start":{"line":48,"column":2},"end":{"line":48,"column":21}},"19":{"start":{"line":22,"column":0},"end":{"line":22,"column":16}},"20":{"start":{"line":61,"column":41},"end":{"line":61,"column":43}},"21":{"start":{"line":63,"column":2},"end":{"line":86,"column":null}},"22":{"start":{"line":63,"column":20},"end":{"line":63,"column":21}},"23":{"start":{"line":64,"column":19},"end":{"line":64,"column":50}},"24":{"start":{"line":65,"column":25},"end":{"line":65,"column":60}},"25":{"start":{"line":68,"column":4},"end":{"line":71,"column":null}},"26":{"start":{"line":69,"column":6},"end":{"line":69,"column":55}},"27":{"start":{"line":70,"column":6},"end":{"line":70,"column":15}},"28":{"start":{"line":73,"column":4},"end":{"line":83,"column":null}},"29":{"start":{"line":74,"column":6},"end":{"line":82,"column":null}},"30":{"start":{"line":74,"column":26},"end":{"line":74,"column":27}},"31":{"start":{"line":75,"column":29},"end":{"line":75,"column":55}},"32":{"start":{"line":76,"column":8},"end":{"line":81,"column":null}},"33":{"start":{"line":80,"column":10},"end":{"line":80,"column":37}},"34":{"start":{"line":85,"column":4},"end":{"line":85,"column":53}},"35":{"start":{"line":88,"column":2},"end":{"line":92,"column":4}},"36":{"start":{"line":58,"column":0},"end":{"line":58,"column":16}},"37":{"start":{"line":98,"column":2},"end":{"line":101,"column":null}},"38":{"start":{"line":97,"column":0},"end":{"line":97,"column":16}}},"fnMap":{"0":{"name":"parseSection","decl":{"start":{"line":11,"column":16},"end":{"line":11,"column":28}},"loc":{"start":{"line":11,"column":45},"end":{"line":20,"column":1}}},"1":{"name":"__parseSection","decl":{"start":{"line":14,"column":13},"end":{"line":14,"column":27}},"loc":{"start":{"line":14,"column":40},"end":{"line":17,"column":5}}},"2":{"name":"parseBackendMeetings","decl":{"start":{"line":22,"column":16},"end":{"line":22,"column":36}},"loc":{"start":{"line":23,"column":28},"end":{"line":49,"column":1}}},"3":{"name":"parseBackendMeeting","decl":{"start":{"line":58,"column":16},"end":{"line":58,"column":35}},"loc":{"start":{"line":59,"column":25},"end":{"line":93,"column":1}}},"4":{"name":"minifySection","decl":{"start":{"line":97,"column":16},"end":{"line":97,"column":29}},"loc":{"start":{"line":97,"column":52},"end":{"line":102,"column":1}}}},"branchMap":{"0":{"loc":{"start":{"line":30,"column":4},"end":{"line":33,"column":null}},"type":"if","locations":[{"start":{"line":30,"column":4},"end":{"line":33,"column":null}}]},"1":{"loc":{"start":{"line":37,"column":4},"end":{"line":39,"column":null}},"type":"if","locations":[{"start":{"line":37,"column":4},"end":{"line":39,"column":null}}]},"2":{"loc":{"start":{"line":44,"column":2},"end":{"line":46,"column":null}},"type":"if","locations":[{"start":{"line":44,"column":2},"end":{"line":46,"column":null}}]},"3":{"loc":{"start":{"line":68,"column":4},"end":{"line":71,"column":null}},"type":"if","locations":[{"start":{"line":68,"column":4},"end":{"line":71,"column":null}}]},"4":{"loc":{"start":{"line":76,"column":8},"end":{"line":81,"column":null}},"type":"if","locations":[{"start":{"line":76,"column":8},"end":{"line":81,"column":null}}]},"5":{"loc":{"start":{"line":77,"column":10},"end":{"line":78,"column":41}},"type":"binary-expr","locations":[{"start":{"line":77,"column":10},"end":{"line":77,"column":43}},{"start":{"line":78,"column":10},"end":{"line":78,"column":41}}]}},"s":{"0":1,"1":1,"2":3,"3":3,"4":3,"5":1,"6":6,"7":6,"8":7,"9":7,"10":5,"11":5,"12":2,"13":2,"14":1,"15":1,"16":5,"17":1,"18":4,"19":1,"20":14,"21":14,"22":14,"23":98,"24":98,"25":98,"26":71,"27":71,"28":27,"29":27,"30":27,"31":7803,"32":7803,"33":2443,"34":27,"35":14,"36":1,"37":3,"38":1},"f":{"0":3,"1":3,"2":6,"3":14,"4":3},"b":{"0":[5],"1":[1],"2":[1],"3":[71],"4":[2443],"5":[7803,4776]}}
,"/mnt/c/Users/Zachar/Documents/Coding/GitHub/planneu/api/parsers/tests/data/backendMeetings.data.ts": {"path":"/mnt/c/Users/Zachar/Documents/Coding/GitHub/planneu/api/parsers/tests/data/backendMeetings.data.ts","statementMap":{"0":{"start":{"line":3,"column":0},"end":{"line":222,"column":2}}},"fnMap":{},"branchMap":{},"s":{"0":1},"f":{},"b":{}}
,"/mnt/c/Users/Zachar/Documents/Coding/GitHub/planneu/api/parsers/tests/data/sections.data.ts": {"path":"/mnt/c/Users/Zachar/Documents/Coding/GitHub/planneu/api/parsers/tests/data/sections.data.ts","statementMap":{"0":{"start":{"line":1,"column":0},"end":{"line":1,"column":69}},"1":{"start":{"line":3,"column":0},"end":{"line":145,"column":2}},"2":{"start":{"line":115,"column":4},"end":{"line":115,"column":64}},"3":{"start":{"line":118,"column":19},"end":{"line":118,"column":38}},"4":{"start":{"line":119,"column":4},"end":{"line":119,"column":58}},"5":{"start":{"line":127,"column":4},"end":{"line":127,"column":64}},"6":{"start":{"line":130,"column":19},"end":{"line":130,"column":38}},"7":{"start":{"line":131,"column":4},"end":{"line":131,"column":58}},"8":{"start":{"line":139,"column":4},"end":{"line":139,"column":64}},"9":{"start":{"line":142,"column":19},"end":{"line":142,"column":38}},"10":{"start":{"line":143,"column":4},"end":{"line":143,"column":58}}},"fnMap":{"0":{"name":"(anonymous_0)","decl":{"start":{"line":114,"column":2},"end":{"line":114,"column":14}},"loc":{"start":{"line":114,"column":14},"end":{"line":116,"column":3}}},"1":{"name":"(anonymous_1)","decl":{"start":{"line":117,"column":2},"end":{"line":117,"column":15}},"loc":{"start":{"line":117,"column":15},"end":{"line":120,"column":3}}},"2":{"name":"(anonymous_2)","decl":{"start":{"line":126,"column":2},"end":{"line":126,"column":14}},"loc":{"start":{"line":126,"column":14},"end":{"line":128,"column":3}}},"3":{"name":"(anonymous_3)","decl":{"start":{"line":129,"column":2},"end":{"line":129,"column":15}},"loc":{"start":{"line":129,"column":15},"end":{"line":132,"column":3}}},"4":{"name":"(anonymous_4)","decl":{"start":{"line":138,"column":2},"end":{"line":138,"column":14}},"loc":{"start":{"line":138,"column":14},"end":{"line":140,"column":3}}},"5":{"name":"(anonymous_5)","decl":{"start":{"line":141,"column":2},"end":{"line":141,"column":15}},"loc":{"start":{"line":141,"column":15},"end":{"line":144,"column":3}}}},"branchMap":{},"s":{"0":1,"1":1,"2":3,"3":1,"4":1,"5":3,"6":1,"7":1,"8":3,"9":1,"10":1},"f":{"0":3,"1":1,"2":3,"3":1,"4":3,"5":1},"b":{}}
,"/mnt/c/Users/Zachar/Documents/Coding/GitHub/planneu/types/types.ts": {"path":"/mnt/c/Users/Zachar/Documents/Coding/GitHub/planneu/types/types.ts","statementMap":{"0":{"start":{"line":77,"column":4},"end":{"line":77,"column":31}},"1":{"start":{"line":78,"column":4},"end":{"line":78,"column":27}},"2":{"start":{"line":79,"column":4},"end":{"line":79,"column":24}},"3":{"start":{"line":89,"column":34},"end":{"line":89,"column":36}},"4":{"start":{"line":91,"column":4},"end":{"line":102,"column":null}},"5":{"start":{"line":91,"column":17},"end":{"line":91,"column":18}},"6":{"start":{"line":92,"column":6},"end":{"line":94,"column":null}},"7":{"start":{"line":93,"column":8},"end":{"line":93,"column":null}},"8":{"start":{"line":96,"column":6},"end":{"line":101,"column":null}},"9":{"start":{"line":97,"column":8},"end":{"line":97,"column":null}},"10":{"start":{"line":100,"column":8},"end":{"line":100,"column":null}},"11":{"start":{"line":106,"column":22},"end":{"line":106,"column":60}},"12":{"start":{"line":107,"column":20},"end":{"line":107,"column":54}},"13":{"start":{"line":109,"column":4},"end":{"line":109,"column":75}},"14":{"start":{"line":71,"column":0},"end":{"line":71,"column":13}}},"fnMap":{"0":{"name":"(anonymous_0)","decl":{"start":{"line":76,"column":2},"end":{"line":76,"column":14}},"loc":{"start":{"line":76,"column":64},"end":{"line":80,"column":3}}},"1":{"name":"(anonymous_1)","decl":{"start":{"line":88,"column":2},"end":{"line":88,"column":8}},"loc":{"start":{"line":88,"column":63},"end":{"line":110,"column":3}}}},"branchMap":{"0":{"loc":{"start":{"line":92,"column":6},"end":{"line":94,"column":null}},"type":"if","locations":[{"start":{"line":92,"column":6},"end":{"line":94,"column":null}}]},"1":{"loc":{"start":{"line":92,"column":10},"end":{"line":92,"column":54}},"type":"binary-expr","locations":[{"start":{"line":92,"column":10},"end":{"line":92,"column":30}},{"start":{"line":92,"column":34},"end":{"line":92,"column":54}}]},"2":{"loc":{"start":{"line":96,"column":6},"end":{"line":101,"column":null}},"type":"if","locations":[{"start":{"line":96,"column":6},"end":{"line":101,"column":null}},{"start":{"line":99,"column":11},"end":{"line":101,"column":null}}]}},"s":{"0":38,"1":38,"2":38,"3":36,"4":36,"5":36,"6":55146,"7":15,"8":55131,"9":3740,"10":51391,"11":21,"12":21,"13":21,"14":1},"f":{"0":38,"1":36},"b":{"0":[15],"1":[55146,2908],"2":[3740,51391]}}
,"/mnt/c/Users/Zachar/Documents/Coding/GitHub/planneu/utils/global.ts": {"path":"/mnt/c/Users/Zachar/Documents/Coding/GitHub/planneu/utils/global.ts","statementMap":{"0":{"start":{"line":1,"column":13},"end":{"line":1,"column":36}},"1":{"start":{"line":4,"column":13},"end":{"line":4,"column":35}},"2":{"start":{"line":5,"column":13},"end":{"line":5,"column":65}}},"fnMap":{},"branchMap":{},"s":{"0":1,"1":1,"2":1},"f":{},"b":{}}
}
