{"/mnt/c/Users/Zachar/Documents/Coding/GitHub/planneu/api/parsers/parseSection.ts": {"path":"/mnt/c/Users/Zachar/Documents/Coding/GitHub/planneu/api/parsers/parseSection.ts","statementMap":{"0":{"start":{"line":3,"column":0},"end":{"line":3,"column":16}},"1":{"start":{"line":12,"column":12},"end":{"line":12,"column":13}},"2":{"start":{"line":14,"column":4},"end":{"line":20,"column":null}},"3":{"start":{"line":15,"column":8},"end":{"line":17,"column":null}},"4":{"start":{"line":16,"column":12},"end":{"line":16,"column":16}},"5":{"start":{"line":19,"column":8},"end":{"line":19,"column":16}},"6":{"start":{"line":22,"column":4},"end":{"line":22,"column":13}},"7":{"start":{"line":11,"column":0},"end":{"line":11,"column":16}}},"fnMap":{"0":{"name":"parseSection","decl":{"start":{"line":3,"column":16},"end":{"line":3,"column":28}},"loc":{"start":{"line":3,"column":45},"end":{"line":5,"column":1}}},"1":{"name":"countOnes","decl":{"start":{"line":11,"column":16},"end":{"line":11,"column":25}},"loc":{"start":{"line":11,"column":35},"end":{"line":23,"column":1}}},"2":{"name":"parseMeetingTimes","decl":{"start":{"line":34,"column":9},"end":{"line":34,"column":26}},"loc":{"start":{"line":34,"column":45},"end":{"line":36,"column":1}}}},"branchMap":{"0":{"loc":{"start":{"line":15,"column":8},"end":{"line":17,"column":null}},"type":"if","locations":[{"start":{"line":15,"column":8},"end":{"line":17,"column":null}}]}},"s":{"0":1,"1":18,"2":18,"3":63,"4":43,"5":63,"6":18,"7":1},"f":{"0":0,"1":18,"2":0},"b":{"0":[43]}}
}
