TN:
SF:api/parsers/parseSection.ts
FN:11,parseSection
FN:14,__parseSection
FN:22,parseBackendMeetings
FN:58,parseBackendMeeting
FN:97,minifySection
FNF:5
FNH:5
FNDA:3,parseSection
FNDA:3,__parseSection
FNDA:6,parseBackendMeetings
FNDA:14,parseBackendMeeting
FNDA:3,minifySection
DA:1,1
DA:9,1
DA:11,1
DA:15,3
DA:16,3
DA:19,3
DA:22,1
DA:25,6
DA:27,6
DA:28,7
DA:30,7
DA:31,5
DA:32,5
DA:35,2
DA:37,2
DA:38,1
DA:40,1
DA:44,5
DA:45,1
DA:48,4
DA:58,1
DA:61,14
DA:63,14
DA:64,98
DA:65,98
DA:68,98
DA:69,71
DA:70,71
DA:73,27
DA:74,27
DA:75,7803
DA:76,7803
DA:80,2443
DA:85,27
DA:88,14
DA:97,1
DA:98,3
LF:37
LH:37
BRDA:30,0,0,5
BRDA:37,1,0,1
BRDA:44,2,0,1
BRDA:68,3,0,71
BRDA:76,4,0,2443
BRDA:77,5,0,7803
BRDA:77,5,1,4776
BRF:7
BRH:7
end_of_record
TN:
SF:api/parsers/tests/data/backendMeetings.data.ts
FNF:0
FNH:0
DA:3,1
LF:1
LH:1
BRF:0
BRH:0
end_of_record
TN:
SF:api/parsers/tests/data/sections.data.ts
FN:114,(anonymous_0)
FN:117,(anonymous_1)
FN:126,(anonymous_2)
FN:129,(anonymous_3)
FN:138,(anonymous_4)
FN:141,(anonymous_5)
FNF:6
FNH:6
FNDA:3,(anonymous_0)
FNDA:1,(anonymous_1)
FNDA:3,(anonymous_2)
FNDA:1,(anonymous_3)
FNDA:3,(anonymous_4)
FNDA:1,(anonymous_5)
DA:1,1
DA:3,1
DA:115,3
DA:118,1
DA:119,1
DA:127,3
DA:130,1
DA:131,1
DA:139,3
DA:142,1
DA:143,1
LF:11
LH:11
BRF:0
BRH:0
end_of_record
TN:
SF:types/types.ts
FN:76,(anonymous_0)
FN:88,(anonymous_1)
FNF:2
FNH:2
FNDA:38,(anonymous_0)
FNDA:36,(anonymous_1)
DA:71,1
DA:77,38
DA:78,38
DA:79,38
DA:89,36
DA:91,36
DA:92,55146
DA:93,15
DA:96,55131
DA:97,3740
DA:100,51391
DA:106,21
DA:107,21
DA:109,21
LF:14
LH:14
BRDA:92,0,0,15
BRDA:92,1,0,55146
BRDA:92,1,1,2908
BRDA:96,2,0,3740
BRDA:96,2,1,51391
BRF:5
BRH:5
end_of_record
TN:
SF:utils/global.ts
FNF:0
FNH:0
DA:1,1
DA:4,1
DA:5,1
LF:3
LH:3
BRF:0
BRH:0
end_of_record
